This file contains any messages produced by compilers while
running configure, to aid debugging if configure makes a mistake.

It was created by longPhase configure 1.0, which was
generated by GNU Autoconf 2.71.  Invocation command line was

  $ ./configure

## --------- ##
## Platform. ##
## --------- ##

hostname = unbanto
uname -m = x86_64
uname -r = 5.4.0-148-generic
uname -s = Linux
uname -v = #165~18.04.1-Ubuntu SMP Thu Apr 20 01:14:06 UTC 2023

/usr/bin/uname -p = unknown
/bin/uname -X     = unknown

/bin/arch              = unknown
/usr/bin/arch -k       = unknown
/usr/convex/getsysinfo = unknown
/usr/bin/hostinfo      = unknown
/bin/machine           = unknown
/usr/bin/oslevel       = unknown
/bin/universe          = unknown

PATH: /home/user/anaconda3/envs/atttrio/bin/
PATH: /home/user/anaconda3/condabin/
PATH: /sbin/
PATH: /bin/
PATH: /usr/bin/
PATH: /usr/local/bin/
PATH: /snap/bin/


## ----------- ##
## Core tests. ##
## ----------- ##

configure:2327: checking for ./htslib/htslib/sam.h
configure:2341: result: yes
configure:2371: checking for gawk
configure:2392: found /usr/bin/gawk
configure:2403: result: gawk
configure:2476: checking for gcc
configure:2497: found /usr/bin/gcc
configure:2508: result: gcc
configure:2861: checking for C compiler version
configure:2870: gcc --version >&5
gcc (Ubuntu 7.5.0-3ubuntu1~18.04) 7.5.0
Copyright (C) 2017 Free Software Foundation, Inc.
This is free software; see the source for copying conditions.  There is NO
warranty; not even for MERCHANTABILITY or FITNESS FOR A PARTICULAR PURPOSE.

configure:2881: $? = 0
configure:2870: gcc -v >&5
Using built-in specs.
COLLECT_GCC=gcc
COLLECT_LTO_WRAPPER=/usr/lib/gcc/x86_64-linux-gnu/7/lto-wrapper
OFFLOAD_TARGET_NAMES=nvptx-none
OFFLOAD_TARGET_DEFAULT=1
Target: x86_64-linux-gnu
Configured with: ../src/configure -v --with-pkgversion='Ubuntu 7.5.0-3ubuntu1~18.04' --with-bugurl=file:///usr/share/doc/gcc-7/README.Bugs --enable-languages=c,ada,c++,go,brig,d,fortran,objc,obj-c++ --prefix=/usr --with-gcc-major-version-only --program-suffix=-7 --program-prefix=x86_64-linux-gnu- --enable-shared --enable-linker-build-id --libexecdir=/usr/lib --without-included-gettext --enable-threads=posix --libdir=/usr/lib --enable-nls --enable-bootstrap --enable-clocale=gnu --enable-libstdcxx-debug --enable-libstdcxx-time=yes --with-default-libstdcxx-abi=new --enable-gnu-unique-object --disable-vtable-verify --enable-libmpx --enable-plugin --enable-default-pie --with-system-zlib --with-target-system-zlib --enable-objc-gc=auto --enable-multiarch --disable-werror --with-arch-32=i686 --with-abi=m64 --with-multilib-list=m32,m64,mx32 --enable-multilib --with-tune=generic --enable-offload-targets=nvptx-none --without-cuda-driver --enable-checking=release --build=x86_64-linux-gnu --host=x86_64-linux-gnu --target=x86_64-linux-gnu
Thread model: posix
gcc version 7.5.0 (Ubuntu 7.5.0-3ubuntu1~18.04) 
configure:2881: $? = 0
configure:2870: gcc -V >&5
gcc: error: unrecognized command line option '-V'
gcc: fatal error: no input files
compilation terminated.
configure:2881: $? = 1
configure:2870: gcc -qversion >&5
gcc: error: unrecognized command line option '-qversion'; did you mean '--version'?
gcc: fatal error: no input files
compilation terminated.
configure:2881: $? = 1
configure:2870: gcc -version >&5
gcc: error: unrecognized command line option '-version'
gcc: fatal error: no input files
compilation terminated.
configure:2881: $? = 1
configure:2901: checking whether the C compiler works
configure:2923: gcc  -std=c++11 -Wall -O3 -I /home/user/anaconda3/envs/atttrio/include -L /home/user/anaconda3/envs/atttrio/lib -Wl,-rpath=/home/user/anaconda3/envs/atttrio/lib -Ihtslib/include  -Lhtslib/lib conftest.c  >&5
cc1: warning: command line option '-std=c++11' is valid for C++/ObjC++ but not for C
configure:2927: $? = 0
configure:2977: result: yes
configure:2980: checking for C compiler default output file name
configure:2982: result: a.out
configure:2988: checking for suffix of executables
configure:2995: gcc -o conftest  -std=c++11 -Wall -O3 -I /home/user/anaconda3/envs/atttrio/include -L /home/user/anaconda3/envs/atttrio/lib -Wl,-rpath=/home/user/anaconda3/envs/atttrio/lib -Ihtslib/include  -Lhtslib/lib conftest.c  >&5
cc1: warning: command line option '-std=c++11' is valid for C++/ObjC++ but not for C
configure:2999: $? = 0
configure:3022: result: 
configure:3044: checking whether we are cross compiling
configure:3052: gcc -o conftest  -std=c++11 -Wall -O3 -I /home/user/anaconda3/envs/atttrio/include -L /home/user/anaconda3/envs/atttrio/lib -Wl,-rpath=/home/user/anaconda3/envs/atttrio/lib -Ihtslib/include  -Lhtslib/lib conftest.c  >&5
cc1: warning: command line option '-std=c++11' is valid for C++/ObjC++ but not for C
configure:3056: $? = 0
configure:3063: ./conftest
configure:3067: $? = 0
configure:3082: result: no
configure:3087: checking for suffix of object files
configure:3110: gcc -c  -std=c++11 -Wall -O3 -I /home/user/anaconda3/envs/atttrio/include -L /home/user/anaconda3/envs/atttrio/lib -Wl,-rpath=/home/user/anaconda3/envs/atttrio/lib -Ihtslib/include conftest.c >&5
cc1: warning: command line option '-std=c++11' is valid for C++/ObjC++ but not for C
configure:3114: $? = 0
configure:3136: result: o
configure:3140: checking whether the compiler supports GNU C
configure:3160: gcc -c  -std=c++11 -Wall -O3 -I /home/user/anaconda3/envs/atttrio/include -L /home/user/anaconda3/envs/atttrio/lib -Wl,-rpath=/home/user/anaconda3/envs/atttrio/lib -Ihtslib/include conftest.c >&5
cc1: warning: command line option '-std=c++11' is valid for C++/ObjC++ but not for C
configure:3160: $? = 0
configure:3170: result: yes
configure:3181: checking whether gcc accepts -g
configure:3202: gcc -c -g -std=c++11 -Wall -O3 -I /home/user/anaconda3/envs/atttrio/include -L /home/user/anaconda3/envs/atttrio/lib -Wl,-rpath=/home/user/anaconda3/envs/atttrio/lib -Ihtslib/include conftest.c >&5
cc1: warning: command line option '-std=c++11' is valid for C++/ObjC++ but not for C
configure:3202: $? = 0
configure: failed program was:
| /* confdefs.h */
| #define PACKAGE_NAME "longPhase"
| #define PACKAGE_TARNAME "longphase"
| #define PACKAGE_VERSION "1.0"
| #define PACKAGE_STRING "longPhase 1.0"
| #define PACKAGE_BUGREPORT ""
| #define PACKAGE_URL ""
| /* end confdefs.h.  */
| 
| int
| main (void)
| {
| 
|   ;
|   return 0;
| }
configure:3218: gcc -c  -std=c++11 -Wall -O3 -I /home/user/anaconda3/envs/atttrio/include -L /home/user/anaconda3/envs/atttrio/lib -Wl,-rpath=/home/user/anaconda3/envs/atttrio/lib -Ihtslib/include conftest.c >&5
cc1: warning: command line option '-std=c++11' is valid for C++/ObjC++ but not for C
configure:3218: $? = 0
configure: failed program was:
| /* confdefs.h */
| #define PACKAGE_NAME "longPhase"
| #define PACKAGE_TARNAME "longphase"
| #define PACKAGE_VERSION "1.0"
| #define PACKAGE_STRING "longPhase 1.0"
| #define PACKAGE_BUGREPORT ""
| #define PACKAGE_URL ""
| /* end confdefs.h.  */
| 
| int
| main (void)
| {
| 
|   ;
|   return 0;
| }
configure:3235: gcc -c -g -std=c++11 -Wall -O3 -I /home/user/anaconda3/envs/atttrio/include -L /home/user/anaconda3/envs/atttrio/lib -Wl,-rpath=/home/user/anaconda3/envs/atttrio/lib -Ihtslib/include conftest.c >&5
cc1: warning: command line option '-std=c++11' is valid for C++/ObjC++ but not for C
configure:3235: $? = 0
configure:3246: result: yes
configure:3266: checking for gcc option to enable C11 features
configure:3281: gcc  -c -g -O2 -std=c++11 -Wall -O3 -I /home/user/anaconda3/envs/atttrio/include -L /home/user/anaconda3/envs/atttrio/lib -Wl,-rpath=/home/user/anaconda3/envs/atttrio/lib -Ihtslib/include conftest.c >&5
cc1: warning: command line option '-std=c++11' is valid for C++/ObjC++ but not for C
configure:3281: $? = 0
configure:3299: result: none needed
configure:3419: checking for special C compiler options needed for large files
configure:3467: result: no
configure:3473: checking for _FILE_OFFSET_BITS value needed for large files
configure:3499: gcc -c -g -O2 -std=c++11 -Wall -O3 -I /home/user/anaconda3/envs/atttrio/include -L /home/user/anaconda3/envs/atttrio/lib -Wl,-rpath=/home/user/anaconda3/envs/atttrio/lib -Ihtslib/include conftest.c >&5
cc1: warning: command line option '-std=c++11' is valid for C++/ObjC++ but not for C
configure:3499: $? = 0
configure:3533: result: no
configure:3736: creating ./config.status

## ---------------------- ##
## Running config.status. ##
## ---------------------- ##

This file was extended by longPhase config.status 1.0, which was
generated by GNU Autoconf 2.71.  Invocation command line was

  CONFIG_FILES    = 
  CONFIG_HEADERS  = 
  CONFIG_LINKS    = 
  CONFIG_COMMANDS = 
  $ ./config.status 

on unbanto

config.status:785: creating config.mk
config.status:785: creating config.h
configure:4956: === configuring in htslib (/work/Clair3-Trio-trio/longphase-1.3/htslib)
configure:5017: running /bin/sh ./configure --disable-option-checking '--prefix=/usr/local'  'CPPFLAGS=-std=c++11 -Wall -O3 -I /home/user/anaconda3/envs/atttrio/include -L /home/user/anaconda3/envs/atttrio/lib -Wl,-rpath=/home/user/anaconda3/envs/atttrio/lib' --cache-file=/dev/null --srcdir=.

## ---------------- ##
## Cache variables. ##
## ---------------- ##

ac_cv_c_compiler_gnu=yes
ac_cv_env_CC_set=
ac_cv_env_CC_value=
ac_cv_env_CFLAGS_set=
ac_cv_env_CFLAGS_value=
ac_cv_env_CPPFLAGS_set=set
ac_cv_env_CPPFLAGS_value='-std=c++11 -Wall -O3 -I /home/user/anaconda3/envs/atttrio/include -L /home/user/anaconda3/envs/atttrio/lib -Wl,-rpath=/home/user/anaconda3/envs/atttrio/lib'
ac_cv_env_LDFLAGS_set=
ac_cv_env_LDFLAGS_value=
ac_cv_env_LIBS_set=
ac_cv_env_LIBS_value=
ac_cv_env_build_alias_set=
ac_cv_env_build_alias_value=
ac_cv_env_host_alias_set=
ac_cv_env_host_alias_value=
ac_cv_env_target_alias_set=
ac_cv_env_target_alias_value=
ac_cv_file___htslib_htslib_sam_h=yes
ac_cv_objext=o
ac_cv_prog_AWK=gawk
ac_cv_prog_ac_ct_CC=gcc
ac_cv_prog_cc_c11=
ac_cv_prog_cc_g=yes
ac_cv_prog_cc_stdc=
ac_cv_sys_file_offset_bits=no
ac_cv_sys_largefile_CC=no
ax_cv_htslib=yes

## ----------------- ##
## Output variables. ##
## ----------------- ##

AWK='gawk'
CC='gcc'
CFLAGS='-g -O2'
CPPFLAGS='-std=c++11 -Wall -O3 -I /home/user/anaconda3/envs/atttrio/include -L /home/user/anaconda3/envs/atttrio/lib -Wl,-rpath=/home/user/anaconda3/envs/atttrio/lib -Ihtslib/include'
DEFS='-DHAVE_CONFIG_H'
ECHO_C=''
ECHO_N='-n'
ECHO_T=''
EXEEXT=''
HTSDIR='htslib'
HTSLIB_CPPFLAGS='-Ihtslib/include'
HTSLIB_LDFLAGS='-Lhtslib/lib'
LDFLAGS=' -Lhtslib/lib'
LIBOBJS=''
LIBS=''
LTLIBOBJS=''
OBJEXT='o'
PACKAGE_BUGREPORT=''
PACKAGE_NAME='longPhase'
PACKAGE_STRING='longPhase 1.0'
PACKAGE_TARNAME='longphase'
PACKAGE_URL=''
PACKAGE_VERSION='1.0'
PATH_SEPARATOR=':'
SHELL='/bin/sh'
ac_ct_CC='gcc'
bindir='${exec_prefix}/bin'
build_alias=''
datadir='${datarootdir}'
datarootdir='${prefix}/share'
docdir='${datarootdir}/doc/${PACKAGE_TARNAME}'
dvidir='${docdir}'
exec_prefix='${prefix}'
host_alias=''
htmldir='${docdir}'
includedir='${prefix}/include'
infodir='${datarootdir}/info'
libdir='${exec_prefix}/lib'
libexecdir='${exec_prefix}/libexec'
localedir='${datarootdir}/locale'
localstatedir='${prefix}/var'
mandir='${datarootdir}/man'
oldincludedir='/usr/include'
pdfdir='${docdir}'
prefix='/usr/local'
program_transform_name='s,x,x,'
psdir='${docdir}'
runstatedir='${localstatedir}/run'
sbindir='${exec_prefix}/sbin'
sharedstatedir='${prefix}/com'
subdirs=' htslib'
sysconfdir='${prefix}/etc'
target_alias=''

## ----------- ##
## confdefs.h. ##
## ----------- ##

/* confdefs.h */
#define PACKAGE_NAME "longPhase"
#define PACKAGE_TARNAME "longphase"
#define PACKAGE_VERSION "1.0"
#define PACKAGE_STRING "longPhase 1.0"
#define PACKAGE_BUGREPORT ""
#define PACKAGE_URL ""

configure: exit 0
